\BOOKMARK [0][-]{chapter.1}{\376\377\215\047\136\001\000\040\000\050\000M\000o\000n\000e\000y\000\051}{}% 1
\BOOKMARK [1][-]{section.1.1}{\376\377\133\374\212\000\377\032\116\072\117\125\116\316\215\047\136\001\137\000\131\313\377\037}{chapter.1}% 2
\BOOKMARK [1][-]{section.1.2}{\376\377\215\047\136\001\166\204\124\053\116\111\000\040\000\050\000T\000h\000e\000\040\000M\000e\000a\000n\000i\000n\000g\000\040\000o\000f\000\040\000M\000o\000n\000e\000y\000\051}{chapter.1}% 3
\BOOKMARK [1][-]{section.1.3}{\376\377\215\047\136\001\166\204\200\114\200\375\000\040\000\050\000F\000u\000n\000c\000t\000i\000o\000n\000s\000\040\000o\000f\000\040\000M\000o\000n\000e\000y\000\051}{chapter.1}% 4
\BOOKMARK [2][-]{subsection.1.3.1}{\376\377\116\244\146\023\132\222\116\313\000\040\000\050\000M\000e\000d\000i\000u\000m\000\040\000o\000f\000\040\000E\000x\000c\000h\000a\000n\000g\000e\000\051}{section.1.3}% 5
\BOOKMARK [2][-]{subsection.1.3.2}{\376\377\213\241\116\367\123\125\117\115\000\040\000\050\000U\000n\000i\000t\000\040\000o\000f\000\040\000A\000c\000c\000o\000u\000n\000t\000\051}{section.1.3}% 6
\BOOKMARK [2][-]{subsection.1.3.3}{\376\377\116\367\120\074\215\056\205\317\000\040\000\050\000S\000t\000o\000r\000e\000\040\000o\000f\000\040\000V\000a\000l\000u\000e\000\051}{section.1.3}% 7
\BOOKMARK [2][-]{subsection.1.3.4}{\376\377\136\366\147\037\145\057\116\330\150\007\121\306\000\040\000\050\000S\000t\000a\000n\000d\000a\000r\000d\000\040\000o\000f\000\040\000D\000e\000f\000e\000r\000r\000e\000d\000\040\000P\000a\000y\000m\000e\000n\000t\000\051}{section.1.3}% 8
\BOOKMARK [1][-]{section.1.4}{\376\377\145\057\116\330\117\123\174\373\166\204\157\024\123\330\000\040\000\050\000E\000v\000o\000l\000u\000t\000i\000o\000n\000\040\000o\000f\000\040\000t\000h\000e\000\040\000P\000a\000y\000m\000e\000n\000t\000s\000\040\000S\000y\000s\000t\000e\000m\000\051}{chapter.1}% 9
\BOOKMARK [1][-]{section.1.5}{\376\377\215\047\136\001\166\204\213\241\221\317\000\040\000\050\000M\000e\000a\000s\000u\000r\000i\000n\000g\000\040\000M\000o\000n\000e\000y\000\051}{chapter.1}% 10
\BOOKMARK [2][-]{subsection.1.5.1}{\376\377\177\216\126\375\166\204\215\047\136\001\140\073\221\317\000\040\000\050\000T\000h\000e\000\040\000F\000e\000d\000e\000r\000a\000l\000\040\000R\000e\000s\000e\000r\000v\000e\000'\000s\000\040\000M\000o\000n\000e\000t\000a\000r\000y\000\040\000A\000g\000g\000r\000e\000g\000a\000t\000e\000s\000\051}{section.1.5}% 11
\BOOKMARK [2][-]{subsection.1.5.2}{\376\377\142\021\126\375\166\204\215\047\136\001\134\102\153\041\000\040\000\050\000C\000h\000i\000n\000a\000'\000s\000\040\000M\000o\000n\000e\000t\000a\000r\000y\000\040\000A\000g\000g\000r\000e\000g\000a\000t\000e\000s\000\051}{section.1.5}% 12
\BOOKMARK [1][-]{section.1.6}{\376\377\221\321\134\136\215\047\136\001\122\066\136\246\000\040\000\050\000S\000y\000s\000t\000e\000m\000\040\000o\000f\000\040\000M\000e\000t\000a\000l\000l\000i\000c\000\040\000M\000o\000n\000e\000y\000\051}{chapter.1}% 13
\BOOKMARK [2][-]{subsection.1.6.1}{\376\377\221\321\147\054\117\115\122\066\000\040\000\050\000T\000h\000e\000\040\000G\000o\000l\000d\000\040\000S\000t\000a\000n\000d\000a\000r\000d\000\051}{section.1.6}% 14
\BOOKMARK [2][-]{subsection.1.6.2}{\376\377\136\003\226\367\230\177\150\356\147\227\117\123\174\373\000\040\000\050\000T\000h\000e\000\040\000B\000r\000e\000t\000t\000o\000n\000\040\000W\000o\000o\000d\000s\000\040\000S\000y\000s\000t\000e\000m\000\051}{section.1.6}% 15
\BOOKMARK [1][-]{section.1.7}{\376\377\117\341\165\050\215\047\136\001\122\066\136\246\000\040\000\050\000S\000y\000s\000t\000e\000m\000\040\000o\000f\000\040\000F\000i\000a\000t\000\040\000M\000o\000n\000e\000y\000\051}{chapter.1}% 16
\BOOKMARK [0][-]{chapter.2}{\376\377\221\321\207\215\116\055\116\313\147\072\147\204\000\040\000\050\000F\000i\000n\000a\000n\000c\000i\000a\000l\000\040\000I\000n\000t\000e\000r\000m\000e\000d\000i\000a\000r\000i\000e\000s\000\051}{}% 17
\BOOKMARK [1][-]{section.2.1}{\376\377\221\321\207\215\117\123\174\373\151\202\211\310\000\040\000\050\000A\000n\000\040\000O\000v\000e\000r\000v\000i\000e\000w\000\040\000o\000f\000\040\000t\000h\000e\000\040\000F\000i\000n\000a\000n\000c\000i\000a\000l\000\040\000S\000y\000s\000t\000e\000m\000\051}{chapter.2}% 18
\BOOKMARK [2][-]{subsection.2.1.1}{\376\377\221\321\207\215\136\002\127\072\000\040\000\050\000F\000i\000n\000a\000n\000c\000i\000a\000l\000\040\000M\000a\000r\000k\000e\000t\000s\000\051}{section.2.1}% 19
\BOOKMARK [2][-]{subsection.2.1.2}{\376\377\221\321\207\215\116\055\116\313\000\040\000\050\000F\000i\000n\000a\000n\000c\000i\000a\000l\000\040\000I\000n\000t\000e\000r\000m\000e\000d\000i\000a\000r\000i\000e\000s\000\051}{section.2.1}% 20
\BOOKMARK [2][-]{subsection.2.1.3}{\376\377\121\150\164\003\221\321\207\215\176\323\147\204\166\204\127\372\147\054\116\213\133\236\000\040\000\050\000B\000a\000s\000i\000c\000\040\000F\000a\000c\000t\000s\000\040\000a\000b\000o\000u\000t\000\040\000F\000i\000n\000a\000n\000c\000i\000a\000l\000\040\000S\000t\000r\000u\000c\000t\000u\000r\000e\000\051}{section.2.1}% 21
\BOOKMARK [1][-]{section.2.2}{\376\377\221\321\207\215\116\055\116\313\164\006\213\272\000\040\000\050\000T\000h\000e\000o\000r\000y\000\040\000o\000f\000\040\000F\000i\000n\000a\000n\000c\000i\000a\000l\000\040\000I\000n\000t\000e\000r\000m\000e\000d\000i\000a\000r\000i\000e\000s\000\051}{chapter.2}% 22
\BOOKMARK [2][-]{subsection.2.2.1}{\376\377\116\244\146\023\142\020\147\054\000\040\000\050\000T\000r\000a\000n\000s\000a\000c\000t\000i\000o\000n\000\040\000C\000o\000s\000t\000s\000\051}{section.2.2}% 23
\BOOKMARK [2][-]{subsection.2.2.2}{\376\377\117\341\140\157\116\015\133\371\171\360\377\032\220\006\124\021\220\011\142\351\116\016\220\123\137\267\230\316\226\151}{section.2.2}% 24
\BOOKMARK [3][-]{section*.3}{\376\377\211\343\121\263\220\006\124\021\220\011\142\351\225\356\230\230\166\204\135\345\121\167}{subsection.2.2.2}% 25
\BOOKMARK [3][-]{section*.4}{\376\377\220\123\137\267\230\316\226\151\123\312\121\166\211\343\121\263\145\271\150\110}{subsection.2.2.2}% 26
\BOOKMARK [2][-]{subsection.2.2.3}{\376\377\221\321\207\215\143\222\145\245\116\016\146\156\140\340\221\321\207\215\000\040\000\050\000F\000i\000n\000a\000n\000c\000i\000a\000l\000\040\000E\000x\000c\000l\000u\000s\000i\000o\000n\000\040\000v\000s\000.\000\040\000F\000i\000n\000a\000n\000c\000i\000a\000l\000\040\000I\000n\000c\000l\000u\000s\000i\000o\000n\000\051}{section.2.2}% 27
\BOOKMARK [1][-]{section.2.3}{\376\377\221\321\207\215\116\055\116\313\166\204\174\173\127\213\000\040\000\050\000T\000y\000p\000e\000s\000\040\000o\000f\000\040\000F\000i\000n\000a\000n\000c\000i\000a\000l\000\040\000I\000n\000t\000e\000r\000m\000e\000d\000i\000a\000r\000i\000e\000s\000\051}{chapter.2}% 28
\BOOKMARK [2][-]{subsection.2.3.1}{\376\377\116\055\126\375\221\321\207\215\147\072\147\204\117\123\174\373\166\204\147\204\142\020}{section.2.3}% 29
\BOOKMARK [3][-]{section*.9}{\376\377\224\366\210\114\221\321\207\215\147\072\147\204\000\040\000\050\000B\000a\000n\000k\000i\000n\000g\000\040\000I\000n\000s\000t\000i\000t\000u\000t\000i\000o\000n\000s\000\051}{subsection.2.3.1}% 30
\BOOKMARK [3][-]{section*.10}{\376\377\227\136\224\366\210\114\221\321\207\215\147\072\147\204\000\040\000\050\000N\000o\000n\000-\000b\000a\000n\000k\000\040\000F\000i\000n\000a\000n\000c\000i\000a\000l\000\040\000I\000n\000s\000t\000i\000t\000u\000t\000i\000o\000n\000s\000\051}{subsection.2.3.1}% 31
\BOOKMARK [2][-]{subsection.2.3.2}{\376\377\221\321\207\215\171\321\142\200\000\040\000\050\000F\000i\000n\000a\000n\000c\000i\000a\000l\000\040\000T\000e\000c\000h\000n\000o\000l\000o\000g\000y\000,\000\040\000F\000i\000n\000T\000e\000c\000h\000\051}{section.2.3}% 32
\BOOKMARK [0][-]{chapter.3}{\376\377\122\051\163\207\000\040\000\050\000I\000n\000t\000e\000r\000e\000s\000t\000\040\000R\000a\000t\000e\000s\000\051}{}% 33
\BOOKMARK [1][-]{section.3.1}{\376\377\122\051\163\207\166\204\124\053\116\111\000\040\000\050\000T\000h\000e\000\040\000M\000e\000a\000n\000i\000n\000g\000\040\000o\000f\000\040\000I\000n\000t\000e\000r\000e\000s\000t\000\040\000R\000a\000t\000e\000s\000\051}{chapter.3}% 34
\BOOKMARK [2][-]{subsection.3.1.1}{\376\377\116\300\116\110\146\057\122\051\163\207\377\037\000\040\000\050\000W\000h\000a\000t\000\040\000I\000s\000\040\000a\000n\000\040\000I\000n\000t\000e\000r\000e\000s\000t\000\040\000R\000a\000t\000e\000?\000\051}{section.3.1}% 35
\BOOKMARK [2][-]{subsection.3.1.2}{\376\377\122\051\163\207\166\204\116\073\211\201\174\173\127\213\000\040\000\050\000M\000a\000i\000n\000\040\000T\000y\000p\000e\000s\000\040\000o\000f\000\040\000I\000n\000t\000e\000r\000e\000s\000t\000\040\000R\000a\000t\000e\000s\000\051}{section.3.1}% 36
\BOOKMARK [3][-]{section*.11}{\376\377\127\372\121\306\122\051\163\207\000\040\000\050\000I\000n\000t\000e\000r\000e\000s\000t\000\040\000R\000a\000t\000e\000\040\000B\000e\000n\000c\000h\000m\000a\000r\000k\000s\000\051}{subsection.3.1.2}% 37
\BOOKMARK [3][-]{section*.12}{\376\377\124\015\116\111\122\051\163\207\116\016\133\236\226\105\122\051\163\207\000\040\000\050\000N\000o\000m\000i\000n\000a\000l\000\040\000a\000n\000d\000\040\000R\000e\000a\000l\000\040\000I\000n\000t\000e\000r\000e\000s\000t\000\040\000R\000a\000t\000e\000s\000\051}{subsection.3.1.2}% 38
\BOOKMARK [1][-]{section.3.2}{\376\377\122\051\163\207\166\204\213\241\173\227\000\040\000\050\000C\000a\000l\000c\000u\000l\000a\000t\000i\000o\000n\000s\000\040\000o\000f\000\040\000I\000n\000t\000e\000r\000e\000s\000t\000\040\000R\000a\000t\000e\000s\000\051}{chapter.3}% 39
\BOOKMARK [2][-]{subsection.3.2.1}{\376\377\123\125\122\051\116\016\131\015\122\051\000\040\000\050\000S\000i\000m\000p\000l\000e\000\040\000a\000n\000d\000\040\000C\000o\000m\000p\000o\000u\000n\000d\000\040\000I\000n\000t\000e\000r\000e\000s\000t\000\051}{section.3.2}% 40
\BOOKMARK [3][-]{section*.13}{\376\377\213\241\140\157\124\150\147\037\000\040\000\050\000C\000o\000m\000p\000o\000u\000n\000d\000i\000n\000g\000\040\000P\000e\000r\000i\000o\000d\000s\000\051}{subsection.3.2.1}% 41
\BOOKMARK [2][-]{subsection.3.2.2}{\376\377\176\310\120\074\116\016\163\260\120\074\000\040\000\050\000F\000u\000t\000u\000r\000e\000\040\000V\000a\000l\000u\000e\000\040\000a\000n\000d\000\040\000P\000r\000e\000s\000e\000n\000t\000\040\000V\000a\000l\000u\000e\000\051}{section.3.2}% 42
\BOOKMARK [3][-]{section*.14}{\376\377\176\310\120\074\000\040\000\050\000F\000u\000t\000u\000r\000e\000\040\000V\000a\000l\000u\000e\000\051}{subsection.3.2.2}% 43
\BOOKMARK [3][-]{section*.16}{\376\377\163\260\120\074\000\040\000\050\000P\000r\000e\000s\000e\000n\000t\000\040\000V\000a\000l\000u\000e\000\051}{subsection.3.2.2}% 44
\BOOKMARK [2][-]{subsection.3.2.3}{\376\377\122\060\147\037\145\066\166\312\163\207\000\040\000\050\000Y\000i\000e\000l\000d\000\040\000t\000o\000\040\000M\000a\000t\000u\000r\000i\000t\000y\000\051}{section.3.2}% 45
\BOOKMARK [3][-]{section*.19}{\376\377\116\015\124\014\117\341\165\050\135\345\121\167\166\204\122\060\147\037\145\066\166\312\163\207\000\040\000\050\000Y\000T\000M\000\040\000f\000o\000r\000\040\000D\000i\000f\000f\000e\000r\000e\000n\000t\000\040\000C\000r\000e\000d\000i\000t\000\040\000M\000a\000r\000k\000e\000t\000\040\000I\000n\000s\000t\000r\000u\000m\000e\000n\000t\000s\000\051}{subsection.3.2.3}% 46
\BOOKMARK [2][-]{subsection.3.2.4}{\376\377\122\051\163\207\116\016\126\336\142\245\163\207\166\204\123\072\122\053\000\040\000\050\000T\000h\000e\000\040\000D\000i\000s\000t\000i\000n\000c\000t\000i\000o\000n\000\040\000B\000e\000t\000w\000e\000e\000n\000\040\000I\000n\000t\000e\000r\000e\000s\000t\000\040\000R\000a\000t\000e\000s\000\040\000a\000n\000d\000\040\000R\000e\000t\000u\000r\000n\000s\000\051}{section.3.2}% 47
\BOOKMARK [1][-]{section.3.3}{\376\377\122\051\163\207\166\204\210\114\116\072\000\040\000\050\000T\000h\000e\000\040\000B\000e\000h\000a\000v\000i\000o\000r\000\040\000o\000f\000\040\000I\000n\000t\000e\000r\000e\000s\000t\000\040\000R\000a\000t\000e\000s\000\051}{chapter.3}% 48
\BOOKMARK [2][-]{subsection.3.3.1}{\376\377\215\104\116\247\227\000\154\102\166\204\121\263\133\232\126\340\175\040\000\040\000\050\000D\000e\000t\000e\000r\000m\000i\000n\000a\000n\000t\000s\000\040\000o\000f\000\040\000A\000s\000s\000e\000t\000\040\000D\000e\000m\000a\000n\000d\000\051}{section.3.3}% 49
\BOOKMARK [2][-]{subsection.3.3.2}{\376\377\120\072\122\070\136\002\127\072\166\204\117\233\176\331\116\016\227\000\154\102\000\040\000\050\000S\000u\000p\000p\000l\000y\000\040\000a\000n\000d\000\040\000D\000e\000m\000a\000n\000d\000\040\000i\000n\000\040\000t\000h\000e\000\040\000B\000o\000n\000d\000\040\000M\000a\000r\000k\000e\000t\000\051}{section.3.3}% 50
\BOOKMARK [3][-]{section*.21}{\376\377\136\002\127\072\127\107\210\141\000\040\000\050\000M\000a\000r\000k\000e\000t\000\040\000E\000q\000u\000i\000l\000i\000b\000r\000i\000u\000m\000\051}{subsection.3.3.2}% 51
\BOOKMARK [3][-]{section*.22}{\376\377\120\072\122\070\227\000\154\102\146\362\176\277\166\204\171\373\122\250\000\040\000\050\000S\000h\000i\000f\000t\000s\000\040\000i\000n\000\040\000t\000h\000e\000\040\000D\000e\000m\000a\000n\000d\000\040\000C\000u\000r\000v\000e\000\040\000f\000o\000r\000\040\000B\000o\000n\000d\000s\000\051}{subsection.3.3.2}% 52
\BOOKMARK [3][-]{section*.23}{\376\377\120\072\122\070\117\233\176\331\146\362\176\277\166\204\171\373\122\250\000\040\000\050\000S\000h\000i\000f\000t\000s\000\040\000i\000n\000\040\000t\000h\000e\000\040\000S\000u\000p\000p\000l\000y\000\040\000C\000u\000r\000v\000e\000\040\000f\000o\000r\000\040\000B\000o\000n\000d\000s\000\051}{subsection.3.3.2}% 53
\BOOKMARK [3][-]{section*.24}{\376\377\117\233\154\102\122\006\147\220\166\204\136\224\165\050\000\040\000\050\000A\000p\000p\000l\000i\000c\000a\000t\000i\000o\000n\000s\000\040\000o\000f\000\040\000S\000u\000p\000p\000l\000y\000\040\000a\000n\000d\000\040\000D\000e\000m\000a\000n\000d\000\040\000A\000n\000a\000l\000y\000s\000i\000s\000\051}{subsection.3.3.2}% 54
\BOOKMARK [2][-]{subsection.3.3.3}{\376\377\215\047\136\001\136\002\127\072\166\204\117\233\176\331\116\016\227\000\154\102\377\032\155\101\122\250\140\047\120\117\131\175\150\106\147\266\000\040\000\050\000T\000h\000e\000\040\000L\000i\000q\000u\000i\000d\000i\000t\000y\000\040\000P\000r\000e\000f\000e\000r\000e\000n\000c\000e\000\040\000F\000r\000a\000m\000e\000w\000o\000r\000k\000\051}{section.3.3}% 55
\BOOKMARK [3][-]{section*.25}{\376\377\127\107\210\141\122\051\163\207\166\204\123\330\123\026\000\040\000\050\000C\000h\000a\000n\000g\000e\000s\000\040\000i\000n\000\040\000E\000q\000u\000i\000l\000i\000b\000r\000i\000u\000m\000\040\000I\000n\000t\000e\000r\000e\000s\000t\000\040\000R\000a\000t\000e\000s\000\051}{subsection.3.3.3}% 56
\BOOKMARK [3][-]{section*.26}{\376\377\215\047\136\001\117\233\176\331\130\236\225\177\117\032\226\115\117\116\122\051\163\207\124\027\377\037\000\050\000D\000o\000e\000s\000\040\000M\000o\000n\000e\000y\000\040\000G\000r\000o\000w\000t\000h\000\040\000L\000o\000w\000e\000r\000\040\000I\000n\000t\000e\000r\000e\000s\000t\000\040\000R\000a\000t\000e\000s\000?\000\051}{subsection.3.3.3}% 57
\BOOKMARK [1][-]{section.3.4}{\376\377\122\051\163\207\166\204\230\316\226\151\176\323\147\204\000\040\000\050\000R\000i\000s\000k\000\040\000S\000t\000r\000u\000c\000t\000u\000r\000e\000\040\000o\000f\000\040\000I\000n\000t\000e\000r\000e\000s\000t\000\040\000R\000a\000t\000e\000s\000\051}{chapter.3}% 58
\BOOKMARK [2][-]{subsection.3.4.1}{\376\377\217\335\176\246\230\316\226\151\000\040\000\050\000D\000e\000f\000a\000u\000l\000t\000\040\000R\000i\000s\000k\000\051}{section.3.4}% 59
\BOOKMARK [3][-]{section*.27}{\376\377\120\072\122\070\213\304\176\247\000\040\000\050\000B\000o\000n\000d\000\040\000R\000a\000t\000i\000n\000g\000s\000\051}{subsection.3.4.1}% 60
\BOOKMARK [2][-]{subsection.3.4.2}{\376\377\155\101\122\250\140\047\000\040\000\050\000L\000i\000q\000u\000i\000d\000i\000t\000y\000\051}{section.3.4}% 61
\BOOKMARK [2][-]{subsection.3.4.3}{\376\377\142\100\137\227\172\016\126\340\175\040\000\040\000\050\000I\000n\000c\000o\000m\000e\000\040\000T\000a\000x\000\040\000C\000o\000n\000s\000i\000d\000e\000r\000a\000t\000i\000o\000n\000s\000\051}{section.3.4}% 62
\BOOKMARK [1][-]{section.3.5}{\376\377\122\051\163\207\166\204\147\037\226\120\176\323\147\204\000\040\000\050\000T\000e\000r\000m\000\040\000S\000t\000r\000u\000c\000t\000u\000r\000e\000\040\000o\000f\000\040\000I\000n\000t\000e\000r\000e\000s\000t\000\040\000R\000a\000t\000e\000s\000\051}{chapter.3}% 63
\BOOKMARK [2][-]{section*.28}{\376\377\121\163\116\216\147\037\226\120\176\323\147\204\166\204\116\213\133\236\000\040\000\050\000F\000a\000c\000t\000s\000\040\000A\000b\000o\000u\000t\000\040\000t\000h\000e\000\040\000T\000e\000r\000m\000\040\000S\000t\000r\000u\000c\000t\000u\000r\000e\000\051}{section.3.5}% 64
\BOOKMARK [2][-]{subsection.3.5.1}{\376\377\176\257\174\271\230\204\147\037\164\006\213\272\000\040\000\050\000E\000x\000p\000e\000c\000t\000a\000t\000i\000o\000n\000s\000\040\000T\000h\000e\000o\000r\000y\000\051}{section.3.5}% 65
\BOOKMARK [2][-]{subsection.3.5.2}{\376\377\136\002\127\072\122\006\122\162\164\006\213\272\000\040\000\050\000S\000e\000g\000m\000e\000n\000t\000e\000d\000\040\000M\000a\000r\000k\000e\000t\000s\000\040\000T\000h\000e\000o\000r\000y\000\051}{section.3.5}% 66
\BOOKMARK [2][-]{subsection.3.5.3}{\376\377\155\101\122\250\140\047\156\242\116\367\164\006\213\272\000\040\000\050\000L\000i\000q\000u\000i\000d\000i\000t\000y\000\040\000P\000r\000e\000m\000i\000u\000m\000\040\000T\000h\000e\000o\000r\000y\000\051}{section.3.5}% 67
\BOOKMARK [3][-]{section*.29}{\376\377\136\224\165\050\377\032\145\066\166\312\163\207\146\362\176\277\117\134\116\072\176\317\155\116\230\204\155\113\135\345\121\167\000\040\000\050\000A\000p\000p\000l\000i\000c\000a\000t\000i\000o\000n\000:\000\040\000Y\000i\000e\000l\000d\000\040\000C\000u\000r\000v\000e\000\040\000a\000s\000\040\000a\000\040\000F\000o\000r\000e\000c\000a\000s\000t\000i\000n\000g\000\040\000T\000o\000o\000l\000\051}{subsection.3.5.3}% 68
\BOOKMARK [0][-]{chapter.4}{\376\377\221\321\207\215\136\002\127\072\000\040\000\050\000F\000i\000n\000a\000n\000c\000i\000a\000l\000\040\000M\000a\000r\000k\000e\000t\000s\000\051}{}% 69
\BOOKMARK [1][-]{section.4.1}{\376\377\221\321\207\215\117\123\174\373\166\204\215\104\221\321\155\101\122\250\116\016\136\002\127\072\176\323\147\204}{chapter.4}% 70
\BOOKMARK [2][-]{subsection.4.1.1}{\376\377\221\321\207\215\136\002\127\072\166\204\176\323\147\204\000\040\000\050\000S\000t\000r\000u\000c\000t\000u\000r\000e\000\040\000o\000f\000\040\000F\000i\000n\000a\000n\000c\000i\000a\000l\000\040\000M\000a\000r\000k\000e\000t\000s\000\051}{section.4.1}% 71
\BOOKMARK [1][-]{section.4.2}{\376\377\173\054\116\000\220\350\122\006\377\032\215\047\136\001\136\002\127\072\000\040\000\050\000M\000o\000n\000e\000y\000\040\000M\000a\000r\000k\000e\000t\000s\000\051}{chapter.4}% 72
\BOOKMARK [2][-]{subsection.4.2.1}{\376\377\215\047\136\001\136\002\127\072\135\345\121\167\000\040\000\050\000M\000o\000n\000e\000y\000\040\000M\000a\000r\000k\000e\000t\000\040\000I\000n\000s\000t\000r\000u\000m\000e\000n\000t\000s\000\051}{section.4.2}% 73
\BOOKMARK [2][-]{subsection.4.2.2}{\376\377\221\315\211\201\166\204\215\047\136\001\136\002\127\072\122\051\163\207}{section.4.2}% 74
\BOOKMARK [3][-]{section*.30}{\376\377\200\124\220\246\127\372\221\321\122\051\163\207\000\040\000\050\000F\000e\000d\000e\000r\000a\000l\000\040\000F\000u\000n\000d\000s\000\040\000R\000a\000t\000e\000\051}{subsection.4.2.2}% 75
\BOOKMARK [3][-]{section*.31}{\376\377\117\046\145\146\224\366\210\114\124\014\116\032\142\306\120\037\122\051\163\207\000\040\000\050\000L\000I\000B\000O\000R\000\051}{subsection.4.2.2}% 76
\BOOKMARK [3][-]{section*.32}{\376\377\116\012\155\167\224\366\210\114\225\364\124\014\116\032\142\306\120\037\122\051\163\207\000\040\000\050\000S\000H\000I\000B\000O\000R\000\051}{subsection.4.2.2}% 77
\BOOKMARK [3][-]{section*.33}{\376\377\116\055\126\375\166\204\126\336\215\055\136\002\127\072\122\051\163\207\377\032\000R\0000\0000\0007\000\040\116\016\000\040\000D\000R\0000\0000\0007}{subsection.4.2.2}% 78
\BOOKMARK [2][-]{subsection.4.2.3}{\376\377\116\055\131\056\224\366\210\114\127\050\215\047\136\001\136\002\127\072\116\055\166\204\211\322\202\162}{section.4.2}% 79
\BOOKMARK [1][-]{section.4.3}{\376\377\173\054\116\214\220\350\122\006\377\032\120\072\122\070\136\002\127\072\000\040\000\050\000B\000o\000n\000d\000\040\000M\000a\000r\000k\000e\000t\000s\000\051}{chapter.4}% 80
\BOOKMARK [2][-]{subsection.4.3.1}{\376\377\215\104\147\054\136\002\127\072\151\202\217\360}{section.4.3}% 81
\BOOKMARK [2][-]{subsection.4.3.2}{\376\377\116\055\126\375\120\072\122\070\171\315\174\173}{section.4.3}% 82
\BOOKMARK [3][-]{section*.34}{\376\377\145\077\136\234\120\072\122\070\000\040\000\050\000G\000o\000v\000e\000r\000n\000m\000e\000n\000t\000\040\000B\000o\000n\000d\000s\000\051}{subsection.4.3.2}% 83
\BOOKMARK [3][-]{section*.35}{\376\377\221\321\207\215\120\072\122\070\000\040\000\050\000F\000i\000n\000a\000n\000c\000i\000a\000l\000\040\000B\000o\000n\000d\000s\000\051}{subsection.4.3.2}% 84
\BOOKMARK [3][-]{section*.36}{\376\377\117\341\165\050\120\072\122\070\000\040\000\050\000C\000r\000e\000d\000i\000t\000\040\000B\000o\000n\000d\000s\000\051}{subsection.4.3.2}% 85
\BOOKMARK [1][-]{section.4.4}{\376\377\173\054\116\011\220\350\122\006\377\032\200\241\171\150\136\002\127\072\000\040\000\050\000S\000t\000o\000c\000k\000\040\000M\000a\000r\000k\000e\000t\000s\000\051}{chapter.4}% 86
\BOOKMARK [2][-]{subsection.4.4.1}{\376\377\200\241\171\150\166\204\127\372\147\054\151\202\137\365\000\040\000\050\000B\000a\000s\000i\000c\000\040\000C\000o\000n\000c\000e\000p\000t\000s\000\040\000o\000f\000\040\000S\000t\000o\000c\000k\000s\000\051}{section.4.4}% 87
\BOOKMARK [2][-]{subsection.4.4.2}{\376\377\200\241\171\150\117\060\120\074\000\040\000\050\000S\000t\000o\000c\000k\000\040\000V\000a\000l\000u\000a\000t\000i\000o\000n\000\051}{section.4.4}% 88
\BOOKMARK [3][-]{section*.37}{\376\377\136\002\166\310\163\207\154\325\000\040\000\050\000P\000r\000i\000c\000e\000-\000t\000o\000-\000E\000a\000r\000n\000i\000n\000g\000s\000\040\000R\000a\000t\000i\000o\000,\000\040\000P\000/\000E\000\051}{subsection.4.4.2}% 89
\BOOKMARK [3][-]{section*.38}{\376\377\200\241\122\051\215\064\163\260\152\041\127\213\000\040\000\050\000D\000i\000v\000i\000d\000e\000n\000d\000\040\000D\000i\000s\000c\000o\000u\000n\000t\000\040\000M\000o\000d\000e\000l\000,\000\040\000D\000D\000M\000\051}{subsection.4.4.2}% 90
\BOOKMARK [2][-]{subsection.4.4.3}{\376\377\200\241\171\150\136\002\127\072\143\007\145\160\000\040\000\050\000S\000t\000o\000c\000k\000\040\000M\000a\000r\000k\000e\000t\000\040\000I\000n\000d\000e\000x\000e\000s\000\051}{section.4.4}% 91
\BOOKMARK [1][-]{section.4.5}{\376\377\173\054\126\333\220\350\122\006\377\032\221\321\207\215\210\115\165\037\124\301\000\040\000\050\000F\000i\000n\000a\000n\000c\000i\000a\000l\000\040\000D\000e\000r\000i\000v\000a\000t\000i\000v\000e\000s\000\051}{chapter.4}% 92
\BOOKMARK [2][-]{subsection.4.5.1}{\376\377\147\037\215\047\000\040\000\050\000F\000u\000t\000u\000r\000e\000s\000\051}{section.4.5}% 93
\BOOKMARK [2][-]{subsection.4.5.2}{\376\377\147\037\147\103\000\040\000\050\000O\000p\000t\000i\000o\000n\000s\000\051}{section.4.5}% 94
\BOOKMARK [1][-]{section.4.6}{\376\377\215\047\136\001\136\002\127\072\116\016\215\104\147\054\136\002\127\072\166\204\153\324\217\203}{chapter.4}% 95
\BOOKMARK [1][-]{section.4.7}{\376\377\147\054\172\340\134\017\176\323\000\040\000\050\000S\000u\000m\000m\000a\000r\000y\000\051}{chapter.4}% 96
\BOOKMARK [0][-]{chapter.5}{\376\377\224\366\210\114\116\032\122\241\000\040\000\050\000B\000a\000n\000k\000i\000n\000g\000\051}{}% 97
\BOOKMARK [1][-]{section.5.1}{\376\377\224\366\210\114\116\032\122\241\155\073\122\250\000\040\000\050\000B\000a\000n\000k\000i\000n\000g\000\040\000A\000c\000t\000i\000v\000i\000t\000i\000e\000s\000\051}{chapter.5}% 98
\BOOKMARK [2][-]{subsection.5.1.1}{\376\377\224\366\210\114\215\104\116\247\215\037\120\072\210\150\000\040\000\050\000T\000h\000e\000\040\000B\000a\000n\000k\000\040\000B\000a\000l\000a\000n\000c\000e\000\040\000S\000h\000e\000e\000t\000\051}{section.5.1}% 99
\BOOKMARK [3][-]{section*.39}{\376\377\215\037\120\072\116\016\142\100\147\011\200\005\147\103\166\312\000\040\000\050\000L\000i\000a\000b\000i\000l\000i\000t\000i\000e\000s\000\040\000a\000n\000d\000\040\000B\000a\000n\000k\000\040\000C\000a\000p\000i\000t\000a\000l\000\051}{subsection.5.1.1}% 100
\BOOKMARK [3][-]{section*.40}{\376\377\215\104\116\247\000\040\000\050\000A\000s\000s\000e\000t\000s\000\051}{subsection.5.1.1}% 101
\BOOKMARK [2][-]{subsection.5.1.2}{\376\377\127\372\170\100\224\366\210\114\116\032\122\241\000\040\000\050\000B\000a\000s\000i\000c\000\040\000B\000a\000n\000k\000i\000n\000g\000\051}{section.5.1}% 102
\BOOKMARK [1][-]{section.5.2}{\376\377\224\366\210\114\173\241\164\006\000\040\000\050\000B\000a\000n\000k\000i\000n\000g\000\040\000M\000a\000n\000a\000g\000e\000m\000e\000n\000t\000\051}{chapter.5}% 103
\BOOKMARK [2][-]{subsection.5.2.1}{\376\377\155\101\122\250\140\047\173\241\164\006\000\040\000\050\000L\000i\000q\000u\000i\000d\000i\000t\000y\000\040\000M\000a\000n\000a\000g\000e\000m\000e\000n\000t\000\051}{section.5.2}% 104
\BOOKMARK [2][-]{subsection.5.2.2}{\376\377\215\104\116\247\173\241\164\006\000\040\000\050\000A\000s\000s\000e\000t\000\040\000M\000a\000n\000a\000g\000e\000m\000e\000n\000t\000\051}{section.5.2}% 105
\BOOKMARK [2][-]{subsection.5.2.3}{\376\377\215\037\120\072\173\241\164\006\000\040\000\050\000L\000i\000a\000b\000i\000l\000i\000t\000y\000\040\000M\000a\000n\000a\000g\000e\000m\000e\000n\000t\000\051}{section.5.2}% 106
\BOOKMARK [2][-]{subsection.5.2.4}{\376\377\215\104\147\054\121\105\215\263\140\047\173\241\164\006\000\040\000\050\000C\000a\000p\000i\000t\000a\000l\000\040\000A\000d\000e\000q\000u\000a\000c\000y\000\040\000M\000a\000n\000a\000g\000e\000m\000e\000n\000t\000\051}{section.5.2}% 107
\BOOKMARK [2][-]{subsection.5.2.5}{\376\377\117\341\165\050\230\316\226\151\173\241\164\006\000\040\000\050\000M\000a\000n\000a\000g\000i\000n\000g\000\040\000C\000r\000e\000d\000i\000t\000\040\000R\000i\000s\000k\000\051}{section.5.2}% 108
\BOOKMARK [2][-]{subsection.5.2.6}{\376\377\122\051\163\207\230\316\226\151\173\241\164\006\000\040\000\050\000M\000a\000n\000a\000g\000i\000n\000g\000\040\000I\000n\000t\000e\000r\000e\000s\000t\000-\000R\000a\000t\000e\000\040\000R\000i\000s\000k\000\051}{section.5.2}% 109
\BOOKMARK [2][-]{subsection.5.2.7}{\376\377\210\150\131\026\116\032\122\241\000\040\000\050\000O\000f\000f\000-\000B\000a\000l\000a\000n\000c\000e\000-\000S\000h\000e\000e\000t\000\040\000A\000c\000t\000i\000v\000i\000t\000i\000e\000s\000\051}{section.5.2}% 110
\BOOKMARK [1][-]{section.5.3}{\376\377\221\321\207\215\166\321\173\241\000\040\000\050\000F\000i\000n\000a\000n\000c\000i\000a\000l\000\040\000R\000e\000g\000u\000l\000a\000t\000i\000o\000n\000\051}{chapter.5}% 111
\BOOKMARK [2][-]{subsection.5.3.1}{\376\377\145\077\136\234\133\211\121\150\177\121\000\040\000\050\000G\000o\000v\000e\000r\000n\000m\000e\000n\000t\000\040\000S\000a\000f\000e\000t\000y\000\040\000N\000e\000t\000\051}{section.5.3}% 112
\BOOKMARK [2][-]{subsection.5.3.2}{\376\377\221\321\207\215\166\321\173\241\166\204\174\173\127\213\000\040\000\050\000T\000y\000p\000e\000s\000\040\000o\000f\000\040\000F\000i\000n\000a\000n\000c\000i\000a\000l\000\040\000R\000e\000g\000u\000l\000a\000t\000i\000o\000n\000\051}{section.5.3}% 113
\BOOKMARK [2][-]{subsection.5.3.3}{\376\377\135\364\130\136\134\024\123\117\213\256\000\040\000\050\000B\000a\000s\000e\000l\000\040\000A\000c\000c\000o\000r\000d\000\051}{section.5.3}% 114
